<?xml version="1.0" encoding="UTF-8"?>
<robot generator="Robot 4.0.3 (Python 3.9.4 on win32)" generated="20210603 10:20:40.349" rpa="false" schemaversion="2">
<suite id="s1" name="Database" source="C:\Projetos\Robot\curso-avancado-Robot-Framework\DatabaseLibrary\database.robot">
<test id="s1-t1" name="Exemplo 04: Limpando Tabelas">
<kw name="Conectar no Banco de Dados" type="SETUP">
<kw name="Connect To Database" library="DatabaseLibrary">
<arg>dbapiModuleName=psycopg2</arg>
<arg>dbName=robot</arg>
<arg>dbUsername=postgres</arg>
<arg>dbPassword=postgres</arg>
<arg>dbHost=localhost</arg>
<arg>dbPort=5432</arg>
<doc>Loads the DB API 2.0 module given `dbapiModuleName` then uses it to
connect to the database using `dbName`, `dbUsername`, and `dbPassword`.</doc>
<msg timestamp="20210603 10:20:40.409" level="INFO">Connecting using : psycopg2.connect(database=robot, user=postgres, password=postgres, host=localhost, port=5432) </msg>
<status status="PASS" starttime="20210603 10:20:40.391" endtime="20210603 10:20:40.519"/>
</kw>
<status status="PASS" starttime="20210603 10:20:40.391" endtime="20210603 10:20:40.520"/>
</kw>
<kw name="Limpar Tabela">
<arg>account</arg>
<kw name="Row Count" library="DatabaseLibrary">
<var>${REGISTROS}</var>
<arg>selectStatement=SELECT * FROM ${TABELA}</arg>
<doc>Uses the input `selectStatement` to query the database and returns the number of rows from the query. Set
optional input `sansTran` to True to run command without an explicit transaction commit or rollback.</doc>
<msg timestamp="20210603 10:20:40.522" level="INFO">Executing : Row Count  |  SELECT * FROM account </msg>
<msg timestamp="20210603 10:20:40.526" level="INFO">${REGISTROS} = 2</msg>
<status status="PASS" starttime="20210603 10:20:40.521" endtime="20210603 10:20:40.526"/>
</kw>
<kw name="Run Keyword If" library="BuiltIn">
<arg>${REGISTROS} &gt; 0</arg>
<arg>Delete All Rows From Table</arg>
<arg>${TABELA}</arg>
<doc>Runs the given keyword with the given arguments, if ``condition`` is true.</doc>
<kw name="Delete All Rows From Table" library="DatabaseLibrary">
<arg>${TABELA}</arg>
<doc>Delete all the rows within a given table. Set optional input `sansTran` to True to run command without an
explicit transaction commit or rollback.</doc>
<msg timestamp="20210603 10:20:40.526" level="INFO">Executing : Delete All Rows From Table  |  DELETE FROM account; </msg>
<status status="PASS" starttime="20210603 10:20:40.526" endtime="20210603 10:20:40.530"/>
</kw>
<status status="PASS" starttime="20210603 10:20:40.526" endtime="20210603 10:20:40.530"/>
</kw>
<status status="PASS" starttime="20210603 10:20:40.521" endtime="20210603 10:20:40.530"/>
</kw>
<kw name="Executar script via STRING no Banco de Dados">
<arg>DROP table account</arg>
<kw name="Execute Sql String" library="DatabaseLibrary">
<arg>sqlString=${SCRIPT}</arg>
<doc>Executes the sqlString as SQL commands. Useful to pass arguments to your sql. Set optional input `sansTran` to
True to run command without an explicit transaction commit or rollback.</doc>
<msg timestamp="20210603 10:20:40.531" level="INFO">Executing : Execute SQL String  |  DROP table account </msg>
<status status="PASS" starttime="20210603 10:20:40.531" endtime="20210603 10:20:40.554"/>
</kw>
<status status="PASS" starttime="20210603 10:20:40.531" endtime="20210603 10:20:40.555"/>
</kw>
<kw name="Desconectar do Banco de Dados" type="TEARDOWN">
<kw name="Disconnect From Database" library="DatabaseLibrary">
<doc>Disconnects from the database.</doc>
<msg timestamp="20210603 10:20:40.557" level="INFO">Executing : Disconnect From Database</msg>
<status status="PASS" starttime="20210603 10:20:40.556" endtime="20210603 10:20:40.557"/>
</kw>
<status status="PASS" starttime="20210603 10:20:40.556" endtime="20210603 10:20:40.557"/>
</kw>
<status status="PASS" starttime="20210603 10:20:40.390" endtime="20210603 10:20:40.557"/>
</test>
<doc>[14/10/2019] https://franz-see.github.io/Robotframework-Database-Library/api/1.2.2/DatabaseLibrary.html
Instale: "pip install -U robotframework-databaselibrary"
Para acessar o BD o Robot precisa conhecer o DRIVER de cada banco, então precisamos instalar esse DRIVER também (instale apenas para o BD que você utiliza!) ...
Para PostgreSQL: "pip install psycopg2"
Para SQLite 3: não precisa instalar nada!
Para MySQL: "pip install pymysql"
Para SQL Server: "pip install pymssql"
Para Oracle: "pip install cx-Oracle"</doc>
<status status="PASS" starttime="20210603 10:20:40.351" endtime="20210603 10:20:40.559"/>
</suite>
<statistics>
<total>
<stat pass="1" fail="0" skip="0">All Tests</stat>
</total>
<tag>
</tag>
<suite>
<stat pass="1" fail="0" skip="0" id="s1" name="Database">Database</stat>
</suite>
</statistics>
<errors>
</errors>
</robot>
