<?xml version="1.0" encoding="UTF-8"?>
<robot generator="Robot 4.0.3 (Python 3.7.5 on linux)" generated="20210618 17:21:47.979" rpa="false" schemaversion="2">
<suite id="s1" name="Tests" source="/opt/robotframework/tests">
<suite id="s1-s1" name="TestCaseExemploFakerLibrary" source="/opt/robotframework/tests/TestCaseExemploFakerLibrary.robot">
<test id="s1-s1-t1" name="Imprime exemplos de utilidades da library FakerLibrary">
<kw name="Exemplos relacionados a pessoa">
<kw name="Name" library="FakerLibrary">
<var>${NOMEFAKE}</var>
<doc>:example 'John Doe'</doc>
<msg timestamp="20210618 17:21:48.240" level="INFO">${NOMEFAKE} = Brian Gross</msg>
<status status="PASS" starttime="20210618 17:21:48.240" endtime="20210618 17:21:48.240"/>
</kw>
<kw name="Address" library="FakerLibrary">
<var>${ENDERECOFAKE}</var>
<doc>:example '791 Crist Parks, Sashabury, IL 86039-9874'</doc>
<msg timestamp="20210618 17:21:48.241" level="INFO">${ENDERECOFAKE} = 5002 William Falls
New Pamela, MA 84040</msg>
<status status="PASS" starttime="20210618 17:21:48.240" endtime="20210618 17:21:48.241"/>
</kw>
<kw name="Phone Number" library="FakerLibrary">
<var>${TELEFONEFAKE}</var>
<msg timestamp="20210618 17:21:48.241" level="INFO">${TELEFONEFAKE} = 5426808404</msg>
<status status="PASS" starttime="20210618 17:21:48.241" endtime="20210618 17:21:48.241"/>
</kw>
<kw name="City" library="FakerLibrary">
<var>${CIDADEFAKE}</var>
<doc>:example 'Sashabury'</doc>
<msg timestamp="20210618 17:21:48.242" level="INFO">${CIDADEFAKE} = Jacksonburgh</msg>
<status status="PASS" starttime="20210618 17:21:48.241" endtime="20210618 17:21:48.242"/>
</kw>
<kw name="Postalcode" library="FakerLibrary">
<var>${CODIGOPOSTALFAKE}</var>
<msg timestamp="20210618 17:21:48.242" level="INFO">${CODIGOPOSTALFAKE} = 95930</msg>
<status status="PASS" starttime="20210618 17:21:48.242" endtime="20210618 17:21:48.242"/>
</kw>
<kw name="Job" library="FakerLibrary">
<var>${TRABALHOFAKE}</var>
<msg timestamp="20210618 17:21:48.243" level="INFO">${TRABALHOFAKE} = Buyer, retail</msg>
<status status="PASS" starttime="20210618 17:21:48.243" endtime="20210618 17:21:48.243"/>
</kw>
<kw name="Create List" library="BuiltIn">
<var>@{PESSOA}</var>
<arg>Nome Aleatório: ${NOMEFAKE}</arg>
<arg>Endereço Aleatório: ${ENDERECOFAKE}</arg>
<arg>Telefone Aleatório: ${TELEFONEFAKE}</arg>
<arg>Cidade Aleatória: ${CIDADEFAKE}</arg>
<arg>CódigoPostal Aleatório: ${CODIGOPOSTALFAKE}</arg>
<arg>Trabalho: ${TRABALHOFAKE}</arg>
<doc>Returns a list containing given items.</doc>
<msg timestamp="20210618 17:21:48.244" level="INFO">@{PESSOA} = [ Nome Aleatório: Brian Gross | Endereço Aleatório: 5002 William Falls
New Pamela, MA 84040 | Telefone Aleatório: 5426808404 | Cidade Aleatória: Jacksonburgh | CódigoPostal Aleatório: 95930 | Trabalho...</msg>
<status status="PASS" starttime="20210618 17:21:48.243" endtime="20210618 17:21:48.244"/>
</kw>
<kw name="Log Many" library="BuiltIn">
<arg>@{PESSOA}</arg>
<doc>Logs the given messages as separate entries using the INFO level.</doc>
<msg timestamp="20210618 17:21:48.245" level="INFO">Nome Aleatório: Brian Gross</msg>
<msg timestamp="20210618 17:21:48.245" level="INFO">Endereço Aleatório: 5002 William Falls
New Pamela, MA 84040</msg>
<msg timestamp="20210618 17:21:48.245" level="INFO">Telefone Aleatório: 5426808404</msg>
<msg timestamp="20210618 17:21:48.245" level="INFO">Cidade Aleatória: Jacksonburgh</msg>
<msg timestamp="20210618 17:21:48.245" level="INFO">CódigoPostal Aleatório: 95930</msg>
<msg timestamp="20210618 17:21:48.245" level="INFO">Trabalho: Buyer, retail</msg>
<status status="PASS" starttime="20210618 17:21:48.245" endtime="20210618 17:21:48.245"/>
</kw>
<status status="PASS" starttime="20210618 17:21:48.239" endtime="20210618 17:21:48.245"/>
</kw>
<kw name="Exemplos relacionados a datas">
<kw name="Date" library="FakerLibrary">
<var>${DATAFAKE}</var>
<doc>Get a date string between January 1, 1970 and now
:param pattern format
:example '2008-11-27'</doc>
<msg timestamp="20210618 17:21:48.246" level="INFO">${DATAFAKE} = 2010-04-30</msg>
<status status="PASS" starttime="20210618 17:21:48.246" endtime="20210618 17:21:48.246"/>
</kw>
<kw name="Month" library="FakerLibrary">
<var>${MESFAKE}</var>
<msg timestamp="20210618 17:21:48.246" level="INFO">${MESFAKE} = 12</msg>
<status status="PASS" starttime="20210618 17:21:48.246" endtime="20210618 17:21:48.246"/>
</kw>
<kw name="Year" library="FakerLibrary">
<var>${ANOFAKE}</var>
<msg timestamp="20210618 17:21:48.247" level="INFO">${ANOFAKE} = 2012</msg>
<status status="PASS" starttime="20210618 17:21:48.246" endtime="20210618 17:21:48.247"/>
</kw>
<kw name="Day Of Week" library="FakerLibrary">
<var>${DIADASEMANAFAKE}</var>
<msg timestamp="20210618 17:21:48.247" level="INFO">${DIADASEMANAFAKE} = Saturday</msg>
<status status="PASS" starttime="20210618 17:21:48.247" endtime="20210618 17:21:48.247"/>
</kw>
<kw name="Day Of Month" library="FakerLibrary">
<var>${DIADOMESFAKE}</var>
<msg timestamp="20210618 17:21:48.247" level="INFO">${DIADOMESFAKE} = 12</msg>
<status status="PASS" starttime="20210618 17:21:48.247" endtime="20210618 17:21:48.247"/>
</kw>
<kw name="Create List" library="BuiltIn">
<var>@{DATAS}</var>
<arg>Data Aleatória: ${DATAFAKE}</arg>
<arg>Mês Aleatório: ${MESFAKE}</arg>
<arg>Ano Aleatório: ${ANOFAKE}</arg>
<arg>Dia da Semana Aleatório: ${DIADASEMANAFAKE}</arg>
<arg>Dia do Mês Aleatório: ${DIADOMESFAKE}</arg>
<doc>Returns a list containing given items.</doc>
<msg timestamp="20210618 17:21:48.248" level="INFO">@{DATAS} = [ Data Aleatória: 2010-04-30 | Mês Aleatório: 12 | Ano Aleatório: 2012 | Dia da Semana Aleatório: Saturday | Dia do Mês Aleatório: 12 ]</msg>
<status status="PASS" starttime="20210618 17:21:48.247" endtime="20210618 17:21:48.248"/>
</kw>
<kw name="Log Many" library="BuiltIn">
<arg>@{DATAS}</arg>
<doc>Logs the given messages as separate entries using the INFO level.</doc>
<msg timestamp="20210618 17:21:48.248" level="INFO">Data Aleatória: 2010-04-30</msg>
<msg timestamp="20210618 17:21:48.248" level="INFO">Mês Aleatório: 12</msg>
<msg timestamp="20210618 17:21:48.248" level="INFO">Ano Aleatório: 2012</msg>
<msg timestamp="20210618 17:21:48.249" level="INFO">Dia da Semana Aleatório: Saturday</msg>
<msg timestamp="20210618 17:21:48.249" level="INFO">Dia do Mês Aleatório: 12</msg>
<status status="PASS" starttime="20210618 17:21:48.248" endtime="20210618 17:21:48.249"/>
</kw>
<status status="PASS" starttime="20210618 17:21:48.245" endtime="20210618 17:21:48.249"/>
</kw>
<kw name="Exemplos diversos">
<kw name="Email" library="FakerLibrary">
<var>${EMAILFAKE}</var>
<msg timestamp="20210618 17:21:48.250" level="INFO">${EMAILFAKE} = nbradshaw@rivera.com</msg>
<status status="PASS" starttime="20210618 17:21:48.249" endtime="20210618 17:21:48.250"/>
</kw>
<kw name="Password" library="FakerLibrary">
<var>${PASSWORDFAKE}</var>
<doc>Generate a random password of the specified ``length``.</doc>
<msg timestamp="20210618 17:21:48.250" level="INFO">${PASSWORDFAKE} = b$7ICAmobO</msg>
<status status="PASS" starttime="20210618 17:21:48.250" endtime="20210618 17:21:48.250"/>
</kw>
<kw name="Color Name" library="FakerLibrary">
<var>${CORFAKE}</var>
<doc>Generate a color name.</doc>
<msg timestamp="20210618 17:21:48.250" level="INFO">${CORFAKE} = DarkMagenta</msg>
<status status="PASS" starttime="20210618 17:21:48.250" endtime="20210618 17:21:48.250"/>
</kw>
<kw name="Credit Card Number" library="FakerLibrary">
<var>${CARTAODECREDITOFAKE}</var>
<doc>Generate a valid credit card number.</doc>
<msg timestamp="20210618 17:21:48.251" level="INFO">${CARTAODECREDITOFAKE} = 30585009341086</msg>
<status status="PASS" starttime="20210618 17:21:48.250" endtime="20210618 17:21:48.251"/>
</kw>
<kw name="Word" library="FakerLibrary">
<var>${PALAVRAFAKE}</var>
<doc>Generate a word.</doc>
<msg timestamp="20210618 17:21:48.251" level="INFO">${PALAVRAFAKE} = management</msg>
<status status="PASS" starttime="20210618 17:21:48.251" endtime="20210618 17:21:48.251"/>
</kw>
<kw name="Create List" library="BuiltIn">
<var>@{OUTROS}</var>
<arg>E-mail Aleatório: ${EMAILFAKE}</arg>
<arg>Senha Aleatória: ${PASSWORDFAKE}</arg>
<arg>Cor Aleatório: ${CORFAKE}</arg>
<arg>Cartão de Crédito Aleatório: ${CARTAODECREDITOFAKE}</arg>
<arg>Palavra Aleatória: ${PALAVRAFAKE}</arg>
<doc>Returns a list containing given items.</doc>
<msg timestamp="20210618 17:21:48.255" level="INFO">@{OUTROS} = [ E-mail Aleatório: nbradshaw@rivera.com | Senha Aleatória: b$7ICAmobO | Cor Aleatório: DarkMagenta | Cartão de Crédito Aleatório: 30585009341086 | Palavra Aleatória: management ]</msg>
<status status="PASS" starttime="20210618 17:21:48.251" endtime="20210618 17:21:48.255"/>
</kw>
<kw name="Log Many" library="BuiltIn">
<arg>@{OUTROS}</arg>
<doc>Logs the given messages as separate entries using the INFO level.</doc>
<msg timestamp="20210618 17:21:48.256" level="INFO">E-mail Aleatório: nbradshaw@rivera.com</msg>
<msg timestamp="20210618 17:21:48.256" level="INFO">Senha Aleatória: b$7ICAmobO</msg>
<msg timestamp="20210618 17:21:48.256" level="INFO">Cor Aleatório: DarkMagenta</msg>
<msg timestamp="20210618 17:21:48.256" level="INFO">Cartão de Crédito Aleatório: 30585009341086</msg>
<msg timestamp="20210618 17:21:48.256" level="INFO">Palavra Aleatória: management</msg>
<status status="PASS" starttime="20210618 17:21:48.255" endtime="20210618 17:21:48.256"/>
</kw>
<status status="PASS" starttime="20210618 17:21:48.249" endtime="20210618 17:21:48.256"/>
</kw>
<status status="PASS" starttime="20210618 17:21:48.238" endtime="20210618 17:21:48.257"/>
</test>
<doc>Exemplo de uso da Library Faker</doc>
<status status="PASS" starttime="20210618 17:21:48.008" endtime="20210618 17:21:48.258"/>
</suite>
<status status="PASS" starttime="20210618 17:21:47.982" endtime="20210618 17:21:48.259"/>
</suite>
<statistics>
<total>
<stat pass="1" fail="0" skip="0">All Tests</stat>
</total>
<tag>
</tag>
<suite>
<stat pass="1" fail="0" skip="0" id="s1" name="Tests">Tests</stat>
<stat pass="1" fail="0" skip="0" id="s1-s1" name="TestCaseExemploFakerLibrary">Tests.TestCaseExemploFakerLibrary</stat>
</suite>
</statistics>
<errors>
</errors>
</robot>
