<?xml version="1.0" encoding="UTF-8"?>
<robot generator="Robot 4.0.3 (Python 3.9.4 on win32)" generated="20210603 10:36:19.980" rpa="false" schemaversion="2">
<suite id="s1" name="Diff Library" source="C:\Projetos\Robot\curso-avancado-Robot-Framework\Diff Library\diff_library.robot">
<test id="s1-t1" name="Comparando diferenca entre dois arquivos iguais">
<kw name="Diff Files">
<arg>C:\\Projetos\\Robot\\curso-avancado-Robot-Framework\\Diff Library/files/FirstFile.py</arg>
<arg>C:\\Projetos\\Robot\\curso-avancado-Robot-Framework\\Diff Library/files/SecondFile.py</arg>
<msg timestamp="20210603 10:36:20.013" level="FAIL">No keyword with name 'Diff Files' found.</msg>
<status status="FAIL" starttime="20210603 10:36:20.013" endtime="20210603 10:36:20.013"/>
</kw>
<status status="FAIL" starttime="20210603 10:36:20.010" endtime="20210603 10:36:20.014">No keyword with name 'Diff Files' found.</status>
</test>
<status status="FAIL" starttime="20210603 10:36:19.982" endtime="20210603 10:36:20.014"/>
</suite>
<statistics>
<total>
<stat pass="0" fail="1" skip="0">All Tests</stat>
</total>
<tag>
</tag>
<suite>
<stat pass="0" fail="1" skip="0" id="s1" name="Diff Library">Diff Library</stat>
</suite>
</statistics>
<errors>
</errors>
</robot>
